0 info it worked if it ends with ok
1 verbose cli [ 'C:\\Program Files\\nodejs\\node.exe',
1 verbose cli   'C:\\Program Files\\nodejs\\node_modules\\npm\\bin\\npm-cli.js',
1 verbose cli   'run',
1 verbose cli   'create' ]
2 info using npm@4.1.2
3 info using node@v7.5.0
4 verbose run-script [ 'precreate', 'create', 'postcreate' ]
5 info lifecycle githubbattle@1.0.0~precreate: githubbattle@1.0.0
6 silly lifecycle githubbattle@1.0.0~precreate: no script for precreate, continuing
7 info lifecycle githubbattle@1.0.0~create: githubbattle@1.0.0
8 verbose lifecycle githubbattle@1.0.0~create: unsafe-perm in lifecycle true
9 verbose lifecycle githubbattle@1.0.0~create: PATH: C:\Program Files\nodejs\node_modules\npm\bin\node-gyp-bin;D:\githubbattle\node_modules\.bin;C:\ProgramData\Oracle\Java\javapath;C:\Windows\SYSTEM32;C:\Windows;C:\Windows\SYSTEM32\WBEM;C:\Windows\SYSTEM32\WINDOWSPOWERSHELL\V1.0\;c:\Program Files\Intel\WiFi\bin\;c:\Program Files\Common Files\Intel\WirelessCommon\;C:\Program Files\Microsoft SQL Server\130\Tools\Binn\;C:\Program Files (x86)\Microsoft SQL Server\110\Tools\Binn\;C:\Program Files\Microsoft SQL Server\110\Tools\Binn\;C:\Program Files\Microsoft SQL Server\110\DTS\Binn\;C:\Program Files (x86)\Microsoft SQL Server\110\Tools\Binn\ManagementStudio\;C:\Program Files (x86)\Microsoft Visual Studio 10.0\Common7\IDE\PrivateAssemblies\;C:\Program Files (x86)\Microsoft SQL Server\110\DTS\Binn\;%USERPROFILE%\.dnx\bin;C:\Program Files\Microsoft DNX\Dnvm\;C:\Program Files\Microsoft SQL Server\120\Tools\Binn\;C:\Program Files (x86)\Windows Kits\10\Windows Performance Toolkit\;C:\Users\vsathy\Downloads\sonar-scanner-2.6.1\sonar-scanner-2.6.1\bin;C:\Program Files (x86)\Brackets\command;D:\Thara\apache-maven-3.3.9-src\apache-maven-3.3.9\bin;C:\Program Files\Git\cmd;C:\Program Files\MySQL\MySQL Utilities 1.6\;C:\Program Files\Microsoft\Web Platform Installer\;C:\Program Files\nodejs\;C:\Program Files\Intel\WiFi\bin\;C:\Program Files\Common Files\Intel\WirelessCommon\;C:\Program Files (x86)\Microsoft VS Code\bin
10 verbose lifecycle githubbattle@1.0.0~create: CWD: D:\githubbattle
11 silly lifecycle githubbattle@1.0.0~create: Args: [ '/d /s /c', 'webpack' ]
12 silly lifecycle githubbattle@1.0.0~create: Returned: code: 4294967295  signal: null
13 info lifecycle githubbattle@1.0.0~create: Failed to exec create script
14 verbose stack Error: githubbattle@1.0.0 create: `webpack`
14 verbose stack Exit status 4294967295
14 verbose stack     at EventEmitter.<anonymous> (C:\Program Files\nodejs\node_modules\npm\lib\utils\lifecycle.js:279:16)
14 verbose stack     at emitTwo (events.js:106:13)
14 verbose stack     at EventEmitter.emit (events.js:192:7)
14 verbose stack     at ChildProcess.<anonymous> (C:\Program Files\nodejs\node_modules\npm\lib\utils\spawn.js:40:14)
14 verbose stack     at emitTwo (events.js:106:13)
14 verbose stack     at ChildProcess.emit (events.js:192:7)
14 verbose stack     at maybeClose (internal/child_process.js:890:16)
14 verbose stack     at Process.ChildProcess._handle.onexit (internal/child_process.js:226:5)
15 verbose pkgid githubbattle@1.0.0
16 verbose cwd D:\githubbattle\app
17 error Windows_NT 6.1.7601
18 error argv "C:\\Program Files\\nodejs\\node.exe" "C:\\Program Files\\nodejs\\node_modules\\npm\\bin\\npm-cli.js" "run" "create"
19 error node v7.5.0
20 error npm  v4.1.2
21 error code ELIFECYCLE
22 error githubbattle@1.0.0 create: `webpack`
22 error Exit status 4294967295
23 error Failed at the githubbattle@1.0.0 create script 'webpack'.
23 error Make sure you have the latest version of node.js and npm installed.
23 error If you do, this is most likely a problem with the githubbattle package,
23 error not with npm itself.
23 error Tell the author that this fails on your system:
23 error     webpack
23 error You can get information on how to open an issue for this project with:
23 error     npm bugs githubbattle
23 error Or if that isn't available, you can get their info via:
23 error     npm owner ls githubbattle
23 error There is likely additional logging output above.
24 verbose exit [ 1, true ]
